# JRE version: Java(TM) SE Runtime Environment 18.9 (11.0.11+9) (build 11.0.11+9-LTS-194)
# Java VM: Java HotSpot(TM) 64-Bit Server VM 18.9 (11.0.11+9-LTS-194, mixed mode, tiered, compressed oops, g1 gc, windows-amd64)
Heap:
 garbage-first heap   total 253952K, used 84787K [0x0000000081e00000, 0x0000000100000000)
  region size 1024K, 57 young (58368K), 6 survivors (6144K)
 Metaspace       used 58556K, capacity 60652K, committed 60752K, reserved 1101824K
  class space    used 7743K, capacity 8580K, committed 8652K, reserved 1048576K
GC Heap History (10 events):
Event: 53334.550 GC heap before
{Heap before GC invocations=21 (full 0):
 garbage-first heap   total 253952K, used 178231K [0x0000000081e00000, 0x0000000100000000)
  region size 1024K, 148 young (151552K), 7 survivors (7168K)
 Metaspace       used 58540K, capacity 60652K, committed 60752K, reserved 1101824K
  class space    used 7735K, capacity 8580K, committed 8652K, reserved 1048576K
}
Event: 53334.558 GC heap after
{Heap after GC invocations=22 (full 0):
 garbage-first heap   total 253952K, used 33115K [0x0000000081e00000, 0x0000000100000000)
  region size 1024K, 6 young (6144K), 6 survivors (6144K)
 Metaspace       used 58540K, capacity 60652K, committed 60752K, reserved 1101824K
  class space    used 7735K, capacity 8580K, committed 8652K, reserved 1048576K
}
Event: 57641.769 GC heap before
{Heap before GC invocations=22 (full 0):
 garbage-first heap   total 253952K, used 178523K [0x0000000081e00000, 0x0000000100000000)
  region size 1024K, 148 young (151552K), 6 survivors (6144K)
 Metaspace       used 58540K, capacity 60652K, committed 60752K, reserved 1101824K
  class space    used 7735K, capacity 8580K, committed 8652K, reserved 1048576K
}
Event: 57641.776 GC heap after
{Heap after GC invocations=23 (full 0):
 garbage-first heap   total 253952K, used 33082K [0x0000000081e00000, 0x0000000100000000)
  region size 1024K, 6 young (6144K), 6 survivors (6144K)
 Metaspace       used 58540K, capacity 60652K, committed 60752K, reserved 1101824K
  class space    used 7735K, capacity 8580K, committed 8652K, reserved 1048576K
}
Event: 61753.199 GC heap before
{Heap before GC invocations=23 (full 0):
 garbage-first heap   total 253952K, used 178490K [0x0000000081e00000, 0x0000000100000000)
  region size 1024K, 148 young (151552K), 6 survivors (6144K)
 Metaspace       used 58540K, capacity 60652K, committed 60752K, reserved 1101824K
  class space    used 7735K, capacity 8580K, committed 8652K, reserved 1048576K
}
Event: 61753.208 GC heap after
{Heap after GC invocations=24 (full 0):
 garbage-first heap   total 253952K, used 33586K [0x0000000081e00000, 0x0000000100000000)
  region size 1024K, 6 young (6144K), 6 survivors (6144K)
 Metaspace       used 58540K, capacity 60652K, committed 60752K, reserved 1101824K
  class space    used 7735K, capacity 8580K, committed 8652K, reserved 1048576K
}
Event: 66096.559 GC heap before
{Heap before GC invocations=24 (full 0):
 garbage-first heap   total 253952K, used 178994K [0x0000000081e00000, 0x0000000100000000)
  region size 1024K, 148 young (151552K), 6 survivors (6144K)
 Metaspace       used 58541K, capacity 60652K, committed 60752K, reserved 1101824K
  class space    used 7736K, capacity 8580K, committed 8652K, reserved 1048576K
}
Event: 66096.567 GC heap after
{Heap after GC invocations=25 (full 0):
 garbage-first heap   total 253952K, used 32837K [0x0000000081e00000, 0x0000000100000000)
  region size 1024K, 6 young (6144K), 6 survivors (6144K)
 Metaspace       used 58541K, capacity 60652K, committed 60752K, reserved 1101824K
  class space    used 7736K, capacity 8580K, committed 8652K, reserved 1048576K
}
Event: 70236.940 GC heap before
{Heap before GC invocations=25 (full 0):
 garbage-first heap   total 253952K, used 178245K [0x0000000081e00000, 0x0000000100000000)
  region size 1024K, 148 young (151552K), 6 survivors (6144K)
 Metaspace       used 58541K, capacity 60652K, committed 60752K, reserved 1101824K
  class space    used 7736K, capacity 8580K, committed 8652K, reserved 1048576K
}
Event: 70237.046 GC heap after
{Heap after GC invocations=26 (full 0):
 garbage-first heap   total 253952K, used 33587K [0x0000000081e00000, 0x0000000100000000)
  region size 1024K, 6 young (6144K), 6 survivors (6144K)
 Metaspace       used 58541K, capacity 60652K, committed 60752K, reserved 1101824K
  class space    used 7736K, capacity 8580K, committed 8652K, reserved 1048576K
}

